This file contains any messages produced by compilers while
running configure, to aid debugging if configure makes a mistake.

It was created by test configure 0.0.1, which was
generated by GNU Autoconf 2.69.  Invocation command line was

  $ ../configure --prefix=/ccb/salz4-3/Alina/21fall/mer_polish/src

## --------- ##
## Platform. ##
## --------- ##

hostname = salz2.idies.jhu.edu
uname -m = x86_64
uname -r = 4.18.0-305.10.2.el8_4.x86_64
uname -s = Linux
uname -v = #1 SMP Mon Jul 12 04:43:18 EDT 2021

/usr/bin/uname -p = x86_64
/bin/uname -X     = unknown

/bin/arch              = x86_64
/usr/bin/arch -k       = unknown
/usr/convex/getsysinfo = unknown
/usr/bin/hostinfo      = unknown
/bin/machine           = unknown
/usr/bin/oslevel       = unknown
/bin/universe          = unknown

PATH: /ccb/sw/bin
PATH: /ccb/sw/python3/bin
PATH: /home/jguo54/bin
PATH: /usr/share/Modules/bin
PATH: /usr/local/bin
PATH: /usr/bin
PATH: /usr/local/sbin
PATH: /usr/sbin
PATH: /ccb/sw/packages/bin/
PATH: /ccb/sw/packages/MaSuRCA-4.0.5/bin/
PATH: /ccb/sw/packages/MaSuRCA-4.0.5/Flye/bin/
PATH: /ccb/salz7-data/sw2/bin
PATH: /ccb/sw/bin
PATH: /ccb/sw/python/bin
PATH: /ccb/sw/perl/bin
PATH: /ccb/salz7-data/sw/bin
PATH: /ccb/salz7-data/sw/perl/bin
PATH: /ccb/salz7-data/sw/python/bin


## ----------- ##
## Core tests. ##
## ----------- ##

configure:1830: checking whether make supports nested variables
configure:1847: result: yes
configure:1879: checking for a BSD-compatible install
configure:1947: result: /usr/bin/install -c
configure:1958: checking whether build environment is sane
configure:2013: result: yes
configure:2164: checking for a thread-safe mkdir -p
configure:2203: result: /usr/bin/mkdir -p
configure:2210: checking for gawk
configure:2226: found /usr/bin/gawk
configure:2237: result: gawk
configure:2248: checking whether make sets $(MAKE)
configure:2270: result: yes
configure:2424: checking for g++
configure:2440: found /usr/bin/g++
configure:2451: result: g++
configure:2478: checking for C++ compiler version
configure:2487: g++ --version >&5
g++ (GCC) 8.4.1 20200928 (Red Hat 8.4.1-1)
Copyright (C) 2018 Free Software Foundation, Inc.
This is free software; see the source for copying conditions.  There is NO
warranty; not even for MERCHANTABILITY or FITNESS FOR A PARTICULAR PURPOSE.

configure:2498: $? = 0
configure:2487: g++ -v >&5
Using built-in specs.
COLLECT_GCC=g++
COLLECT_LTO_WRAPPER=/usr/libexec/gcc/x86_64-redhat-linux/8/lto-wrapper
OFFLOAD_TARGET_NAMES=nvptx-none
OFFLOAD_TARGET_DEFAULT=1
Target: x86_64-redhat-linux
Configured with: ../configure --enable-bootstrap --enable-languages=c,c++,fortran,lto --prefix=/usr --mandir=/usr/share/man --infodir=/usr/share/info --with-bugurl=http://bugzilla.redhat.com/bugzilla --enable-shared --enable-threads=posix --enable-checking=release --enable-multilib --with-system-zlib --enable-__cxa_atexit --disable-libunwind-exceptions --enable-gnu-unique-object --enable-linker-build-id --with-gcc-major-version-only --with-linker-hash-style=gnu --enable-plugin --enable-initfini-array --with-isl --disable-libmpx --enable-offload-targets=nvptx-none --without-cuda-driver --enable-gnu-indirect-function --enable-cet --with-tune=generic --with-arch_32=x86-64 --build=x86_64-redhat-linux
Thread model: posix
gcc version 8.4.1 20200928 (Red Hat 8.4.1-1) (GCC) 
configure:2498: $? = 0
configure:2487: g++ -V >&5
g++: error: unrecognized command line option '-V'
g++: fatal error: no input files
compilation terminated.
configure:2498: $? = 1
configure:2487: g++ -qversion >&5
g++: error: unrecognized command line option '-qversion'; did you mean '--version'?
g++: fatal error: no input files
compilation terminated.
configure:2498: $? = 1
configure:2518: checking whether the C++ compiler works
configure:2540: g++    conftest.cpp  >&5
configure:2544: $? = 0
configure:2592: result: yes
configure:2595: checking for C++ compiler default output file name
configure:2597: result: a.out
configure:2603: checking for suffix of executables
configure:2610: g++ -o conftest    conftest.cpp  >&5
configure:2614: $? = 0
configure:2636: result: 
configure:2658: checking whether we are cross compiling
configure:2666: g++ -o conftest    conftest.cpp  >&5
configure:2670: $? = 0
configure:2677: ./conftest
configure:2681: $? = 0
configure:2696: result: no
configure:2701: checking for suffix of object files
configure:2723: g++ -c   conftest.cpp >&5
configure:2727: $? = 0
configure:2748: result: o
configure:2752: checking whether we are using the GNU C++ compiler
configure:2771: g++ -c   conftest.cpp >&5
configure:2771: $? = 0
configure:2780: result: yes
configure:2789: checking whether g++ accepts -g
configure:2809: g++ -c -g  conftest.cpp >&5
configure:2809: $? = 0
configure:2850: result: yes
configure:2884: checking for style of include used by make
configure:2912: result: GNU
configure:2938: checking dependency style of g++
configure:3049: result: gcc3
configure:3070: checking for yaggo
configure:3088: found /ccb/sw/packages/bin//yaggo
configure:3101: result: /ccb/sw/packages/bin//yaggo
configure:3241: checking that generated files are newer than configure
configure:3247: result: done
configure:3270: creating ./config.status

## ---------------------- ##
## Running config.status. ##
## ---------------------- ##

This file was extended by test config.status 0.0.1, which was
generated by GNU Autoconf 2.69.  Invocation command line was

  CONFIG_FILES    = 
  CONFIG_HEADERS  = 
  CONFIG_LINKS    = 
  CONFIG_COMMANDS = 
  $ ./config.status 

on salz2.idies.jhu.edu

config.status:840: creating Makefile
config.status:840: creating config.h
config.status:1006: config.h is unchanged
config.status:1054: executing depfiles commands

## ---------------- ##
## Cache variables. ##
## ---------------- ##

ac_cv_cxx_compiler_gnu=yes
ac_cv_env_CCC_set=
ac_cv_env_CCC_value=
ac_cv_env_CPPFLAGS_set=
ac_cv_env_CPPFLAGS_value=
ac_cv_env_CXXFLAGS_set=
ac_cv_env_CXXFLAGS_value=
ac_cv_env_CXX_set=
ac_cv_env_CXX_value=
ac_cv_env_LDFLAGS_set=
ac_cv_env_LDFLAGS_value=
ac_cv_env_LIBS_set=
ac_cv_env_LIBS_value=
ac_cv_env_YAGGO_set=
ac_cv_env_YAGGO_value=
ac_cv_env_build_alias_set=
ac_cv_env_build_alias_value=
ac_cv_env_host_alias_set=
ac_cv_env_host_alias_value=
ac_cv_env_target_alias_set=
ac_cv_env_target_alias_value=
ac_cv_objext=o
ac_cv_path_YAGGO=/ccb/sw/packages/bin//yaggo
ac_cv_path_install='/usr/bin/install -c'
ac_cv_path_mkdir=/usr/bin/mkdir
ac_cv_prog_AWK=gawk
ac_cv_prog_ac_ct_CXX=g++
ac_cv_prog_cxx_g=yes
ac_cv_prog_make_make_set=yes
am_cv_CXX_dependencies_compiler_type=gcc3
am_cv_make_support_nested_variables=yes

## ----------------- ##
## Output variables. ##
## ----------------- ##

ACLOCAL='${SHELL} /ccb/salz4-3/Alina/21fall/mer_polish/build-aux/missing aclocal-1.13'
AMDEPBACKSLASH='\'
AMDEP_FALSE='#'
AMDEP_TRUE=''
AMTAR='$${TAR-tar}'
AM_BACKSLASH='\'
AM_DEFAULT_V='$(AM_DEFAULT_VERBOSITY)'
AM_DEFAULT_VERBOSITY='0'
AM_V='$(V)'
AUTOCONF='${SHELL} /ccb/salz4-3/Alina/21fall/mer_polish/build-aux/missing autoconf'
AUTOHEADER='${SHELL} /ccb/salz4-3/Alina/21fall/mer_polish/build-aux/missing autoheader'
AUTOMAKE='${SHELL} /ccb/salz4-3/Alina/21fall/mer_polish/build-aux/missing automake-1.13'
AWK='gawk'
CPPFLAGS=''
CXX='g++'
CXXDEPMODE='depmode=gcc3'
CXXFLAGS='-g -O2'
CYGPATH_W='echo'
DEFS='-DHAVE_CONFIG_H'
DEPDIR='.deps'
ECHO_C=''
ECHO_N='-n'
ECHO_T=''
EXEEXT=''
INSTALL_DATA='${INSTALL} -m 644'
INSTALL_PROGRAM='${INSTALL}'
INSTALL_SCRIPT='${INSTALL}'
INSTALL_STRIP_PROGRAM='$(install_sh) -c -s'
LDFLAGS=''
LIBOBJS=''
LIBS=''
LTLIBOBJS=''
MAKEINFO='${SHELL} /ccb/salz4-3/Alina/21fall/mer_polish/build-aux/missing makeinfo'
MKDIR_P='/usr/bin/mkdir -p'
OBJEXT='o'
PACKAGE='test'
PACKAGE_BUGREPORT='me@me.com'
PACKAGE_NAME='test'
PACKAGE_STRING='test 0.0.1'
PACKAGE_TARNAME='test'
PACKAGE_URL=''
PACKAGE_VERSION='0.0.1'
PATH_SEPARATOR=':'
SET_MAKE=''
SHELL='/bin/sh'
STRIP=''
VERSION='0.0.1'
YAGGO='/ccb/sw/packages/bin//yaggo'
ac_ct_CXX='g++'
am__EXEEXT_FALSE=''
am__EXEEXT_TRUE='#'
am__fastdepCXX_FALSE='#'
am__fastdepCXX_TRUE=''
am__include='include'
am__isrc=' -I$(srcdir)'
am__leading_dot='.'
am__nodep='_no'
am__quote=''
am__tar='$${TAR-tar} chof - "$$tardir"'
am__untar='$${TAR-tar} xf -'
bindir='${exec_prefix}/bin'
build_alias=''
datadir='${datarootdir}'
datarootdir='${prefix}/share'
docdir='${datarootdir}/doc/${PACKAGE_TARNAME}'
dvidir='${docdir}'
exec_prefix='${prefix}'
host_alias=''
htmldir='${docdir}'
includedir='${prefix}/include'
infodir='${datarootdir}/info'
install_sh='${SHELL} /ccb/salz4-3/Alina/21fall/mer_polish/build-aux/install-sh'
libdir='${exec_prefix}/lib'
libexecdir='${exec_prefix}/libexec'
localedir='${datarootdir}/locale'
localstatedir='${prefix}/var'
mandir='${datarootdir}/man'
mkdir_p='$(MKDIR_P)'
oldincludedir='/usr/include'
pdfdir='${docdir}'
prefix='/ccb/salz4-3/Alina/21fall/mer_polish/src'
program_transform_name='s,x,x,'
psdir='${docdir}'
sbindir='${exec_prefix}/sbin'
sharedstatedir='${prefix}/com'
sysconfdir='${prefix}/etc'
target_alias=''

## ----------- ##
## confdefs.h. ##
## ----------- ##

/* confdefs.h */
#define PACKAGE_NAME "test"
#define PACKAGE_TARNAME "test"
#define PACKAGE_VERSION "0.0.1"
#define PACKAGE_STRING "test 0.0.1"
#define PACKAGE_BUGREPORT "me@me.com"
#define PACKAGE_URL ""
#define PACKAGE "test"
#define VERSION "0.0.1"

configure: exit 0
